This file contains any messages produced by compilers while
running configure, to aid debugging if configure makes a mistake.

It was created by configure, which was
generated by GNU Autoconf 2.63.  Invocation command line was

  $ ./configure --build=build

## --------- ##
## Platform. ##
## --------- ##

hostname = malaptop
uname -m = i686
uname -r = 2.6.24-24-generic
uname -s = Linux
uname -v = #1 SMP Tue Aug 18 17:04:53 UTC 2009

/usr/bin/uname -p = unknown
/bin/uname -X     = unknown

/bin/arch              = unknown
/usr/bin/arch -k       = unknown
/usr/convex/getsysinfo = unknown
/usr/bin/hostinfo      = unknown
/bin/machine           = unknown
/usr/bin/oslevel       = unknown
/bin/universe          = unknown

PATH: /usr/local/sbin
PATH: /usr/local/bin
PATH: /usr/sbin
PATH: /usr/bin
PATH: /sbin
PATH: /bin
PATH: /usr/games


## ----------- ##
## Core tests. ##
## ----------- ##

configure:2069: checking build system type
configure:2082: error: /bin/bash ./config.sub build failed

## ---------------- ##
## Cache variables. ##
## ---------------- ##

ac_cv_build=
ac_cv_env_CCC_set=
ac_cv_env_CCC_value=
ac_cv_env_CC_set=
ac_cv_env_CC_value=
ac_cv_env_CFLAGS_set=
ac_cv_env_CFLAGS_value=
ac_cv_env_CPPFLAGS_set=
ac_cv_env_CPPFLAGS_value=
ac_cv_env_CPP_set=
ac_cv_env_CPP_value=
ac_cv_env_CXXFLAGS_set=
ac_cv_env_CXXFLAGS_value=
ac_cv_env_CXX_set=
ac_cv_env_CXX_value=
ac_cv_env_LDFLAGS_set=
ac_cv_env_LDFLAGS_value=
ac_cv_env_LIBS_set=
ac_cv_env_LIBS_value=
ac_cv_env_build_alias_set=set
ac_cv_env_build_alias_value=build
ac_cv_env_host_alias_set=
ac_cv_env_host_alias_value=
ac_cv_env_target_alias_set=
ac_cv_env_target_alias_value=

## ----------------- ##
## Output variables. ##
## ----------------- ##

ALLOCA=''
AR=''
ARCHFILE=''
ARCH_FLAG=''
AS=''
ASFLAGS=''
BASERUBY='ruby'
BUILTIN_ENCOBJS=''
BUILTIN_TRANSOBJS=''
BUILTIN_TRANSSRCS=''
CC=''
CCDLFLAGS=''
CFLAGS=''
COMMON_HEADERS=''
COMMON_LIBS=''
COMMON_MACROS=''
COUTFLAG=''
CP=''
CPP=''
CPPFLAGS=''
CPPOUTFILE=''
CXX=''
CXXFLAGS=''
DEFS=''
DLDFLAGS=''
DLDLIBS=''
DLEXT2=''
DLEXT=''
DLLWRAP=''
ECHO_C=''
ECHO_N='-n'
ECHO_T=''
EGREP=''
ENABLE_SHARED=''
EXEEXT=''
EXPORT_PREFIX=''
EXTOUT=''
EXTSTATIC=''
GNU_LD=''
GREP=''
INSTALL_DATA=''
INSTALL_PROGRAM=''
INSTALL_SCRIPT=''
LDFLAGS=''
LDSHARED=''
LDSHAREDXX=''
LIBEXT=''
LIBOBJS=''
LIBPATHENV=''
LIBPATHFLAG=''
LIBRUBY=''
LIBRUBYARG=''
LIBRUBYARG_SHARED=''
LIBRUBYARG_STATIC=''
LIBRUBY_A=''
LIBRUBY_ALIASES=''
LIBRUBY_DLDFLAGS=''
LIBRUBY_LDSHARED=''
LIBRUBY_SO=''
LIBS=''
LINK_SO=''
LN_S=''
LTLIBOBJS=''
MAINLIBS=''
MAJOR='1'
MAKEDIRS=''
MAKEFILES=''
MANTYPE=''
MINIOBJS=''
MINIRUBY=''
MINOR='9'
NM=''
NROFF=''
OBJCOPY=''
OBJDUMP=''
OBJEXT=''
OUTFLAG=''
PACKAGE_BUGREPORT=''
PACKAGE_NAME=''
PACKAGE_STRING=''
PACKAGE_TARNAME=''
PACKAGE_VERSION=''
PATH_SEPARATOR=':'
PREP=''
RANLIB=''
RDOCTARGET=''
RM=''
RMALL=''
RMDIRS=''
RPATHFLAG=''
RUBYW_INSTALL_NAME=''
RUBY_INSTALL_NAME=''
RUBY_SO_NAME=''
RUNRUBY=''
SET_MAKE=''
SHELL='/bin/bash'
SOLIBS=''
STATIC=''
STRIP=''
TEENY='1'
THREAD_MODEL=''
TRY_LINK=''
WINDRES=''
XCFLAGS=''
XLDFLAGS=''
ac_ct_CC=''
ac_ct_CXX=''
ac_ct_OBJCOPY=''
ac_ct_OBJDUMP=''
arch=''
bindir='${exec_prefix}/bin'
build='build'
build_alias='build'
build_cpu=''
build_os=''
build_vendor=''
cflags=''
configure_args=''
cppflags=''
datadir='${datarootdir}'
datarootdir='${prefix}/share'
debugflags=''
docdir='${datarootdir}/doc/${PACKAGE}'
dvidir='${docdir}'
exec_prefix='NONE'
host=''
host_alias=''
host_cpu=''
host_os=''
host_vendor=''
htmldir='${docdir}'
includedir='${prefix}/include'
infodir='${datarootdir}/info'
libdir='${exec_prefix}/lib'
libexecdir='${exec_prefix}/libexec'
localedir='${datarootdir}/locale'
localstatedir='${prefix}/var'
mandir='${datarootdir}/man'
oldincludedir='/usr/include'
optflags=''
pdfdir='${docdir}'
prefix='NONE'
program_transform_name='s,x,x,'
psdir='${docdir}'
ruby_version=''
rubyhdrdir=''
rubyw_install_name=''
sbindir='${exec_prefix}/sbin'
setup=''
sharedstatedir='${prefix}/com'
sitearch=''
sitedir=''
sitehdrdir=''
sysconfdir='${prefix}/etc'
target=''
target_alias=''
target_cpu=''
target_os=''
target_vendor=''
vendordir=''
vendorhdrdir=''
warnflags=''

## ----------- ##
## confdefs.h. ##
## ----------- ##

#define PACKAGE_NAME ""
#define PACKAGE_TARNAME ""
#define PACKAGE_VERSION ""
#define PACKAGE_STRING ""
#define PACKAGE_BUGREPORT ""
#define CANONICALIZATION_FOR_MATHN 1

configure: exit 1

## ---------------- ##
## Cache variables. ##
## ---------------- ##

ac_cv_env_CCC_set=
ac_cv_env_CCC_value=
ac_cv_env_CC_set=
ac_cv_env_CC_value=
ac_cv_env_CFLAGS_set=
ac_cv_env_CFLAGS_value=
ac_cv_env_CPPFLAGS_set=
ac_cv_env_CPPFLAGS_value=
ac_cv_env_CPP_set=
ac_cv_env_CPP_value=
ac_cv_env_CXXFLAGS_set=
ac_cv_env_CXXFLAGS_value=
ac_cv_env_CXX_set=
ac_cv_env_CXX_value=
ac_cv_env_LDFLAGS_set=
ac_cv_env_LDFLAGS_value=
ac_cv_env_LIBS_set=
ac_cv_env_LIBS_value=
ac_cv_env_build_alias_set=
ac_cv_env_build_alias_value=
ac_cv_env_host_alias_set=
ac_cv_env_host_alias_value=
ac_cv_env_target_alias_set=
ac_cv_env_target_alias_value=

## ----------------- ##
## Output variables. ##
## ----------------- ##

ALLOCA=''
AR=''
ARCHFILE=''
ARCH_FLAG=''
AS=''
ASFLAGS=''
BASERUBY='ruby'
BUILTIN_ENCOBJS=''
BUILTIN_TRANSOBJS=''
BUILTIN_TRANSSRCS=''
CC=''
CCDLFLAGS=''
CFLAGS=''
COMMON_HEADERS=''
COMMON_LIBS=''
COMMON_MACROS=''
COUTFLAG=''
CP=''
CPP=''
CPPFLAGS=''
CPPOUTFILE=''
CXX=''
CXXFLAGS=''
DEFS=''
DLDFLAGS=''
DLDLIBS=''
DLEXT2=''
DLEXT=''
DLLWRAP=''
ECHO_C=''
ECHO_N='-n'
ECHO_T=''
EGREP=''
ENABLE_SHARED=''
EXEEXT=''
EXPORT_PREFIX=''
EXTOUT=''
EXTSTATIC=''
GNU_LD=''
GREP=''
INSTALL_DATA=''
INSTALL_PROGRAM=''
INSTALL_SCRIPT=''
LDFLAGS=''
LDSHARED=''
LDSHAREDXX=''
LIBEXT=''
LIBOBJS=''
LIBPATHENV=''
LIBPATHFLAG=''
LIBRUBY=''
LIBRUBYARG=''
LIBRUBYARG_SHARED=''
LIBRUBYARG_STATIC=''
LIBRUBY_A=''
LIBRUBY_ALIASES=''
LIBRUBY_DLDFLAGS=''
LIBRUBY_LDSHARED=''
LIBRUBY_SO=''
LIBS=''
LINK_SO=''
LN_S=''
LTLIBOBJS=''
MAINLIBS=''
MAJOR='1'
MAKEDIRS=''
MAKEFILES=''
MANTYPE=''
MINIOBJS=''
MINIRUBY=''
MINOR='9'
NM=''
NROFF=''
OBJCOPY=''
OBJDUMP=''
OBJEXT=''
OUTFLAG=''
PACKAGE_BUGREPORT=''
PACKAGE_NAME=''
PACKAGE_STRING=''
PACKAGE_TARNAME=''
PACKAGE_VERSION=''
PATH_SEPARATOR=':'
PREP=''
RANLIB=''
RDOCTARGET=''
RM=''
RMALL=''
RMDIRS=''
RPATHFLAG=''
RUBYW_INSTALL_NAME=''
RUBY_INSTALL_NAME=''
RUBY_SO_NAME=''
RUNRUBY=''
SET_MAKE=''
SHELL='/bin/bash'
SOLIBS=''
STATIC=''
STRIP=''
TEENY='1'
THREAD_MODEL=''
TRY_LINK=''
WINDRES=''
XCFLAGS=''
XLDFLAGS=''
ac_ct_CC=''
ac_ct_CXX=''
ac_ct_OBJCOPY=''
ac_ct_OBJDUMP=''
arch=''
bindir='${exec_prefix}/bin'
build=''
build_alias=''
build_cpu=''
build_os=''
build_vendor=''
cflags=''
configure_args=''
cppflags=''
datadir='${datarootdir}'
datarootdir='${prefix}/share'
debugflags=''
docdir='${datarootdir}/doc/${PACKAGE}'
dvidir='${docdir}'
exec_prefix='NONE'
host=''
host_alias=''
host_cpu=''
host_os=''
host_vendor=''
htmldir='${docdir}'
includedir='${prefix}/include'
infodir='${datarootdir}/info'
libdir='${exec_prefix}/lib'
libexecdir='${exec_prefix}/libexec'
localedir='${datarootdir}/locale'
localstatedir='${prefix}/var'
mandir='${datarootdir}/man'
oldincludedir='/usr/include'
optflags=''
pdfdir='${docdir}'
prefix='NONE'
program_transform_name='s,x,x,'
psdir='${docdir}'
ruby_version=''
rubyhdrdir=''
rubyw_install_name=''
sbindir='${exec_prefix}/sbin'
setup=''
sharedstatedir='${prefix}/com'
sitearch=''
sitedir=''
sitehdrdir=''
sysconfdir='${prefix}/etc'
target=''
target_alias=''
target_cpu=''
target_os=''
target_vendor=''
vendordir=''
vendorhdrdir=''
warnflags=''

configure: caught signal 1
configure: exit 1
